<?xml version="1.0" encoding="UTF-8"?>
<coverage generated="1764907660799" clover="3.2.0">
  <project timestamp="1764907660800" name="All files">
    <metrics statements="247" coveredstatements="243" conditionals="118" coveredconditionals="112" methods="58" coveredmethods="56" elements="423" coveredelements="411" complexity="0" loc="247" ncloc="247" packages="3" files="9" classes="9"/>
    <package name="pages">
      <metrics statements="119" coveredstatements="117" conditionals="56" coveredconditionals="50" methods="24" coveredmethods="24"/>
      <file name="Home.js" path="/home/runner/work/CRUD-Application-Springboot-React/CRUD-Application-Springboot-React/frontend/crudfront/src/pages/Home.js">
        <metrics statements="35" coveredstatements="35" conditionals="2" coveredconditionals="2" methods="10" coveredmethods="10"/>
        <line num="7" count="45" type="stmt"/>
        <line num="9" count="45" type="stmt"/>
        <line num="10" count="44" type="stmt"/>
        <line num="11" count="44" type="stmt"/>
        <line num="12" count="44" type="stmt"/>
        <line num="14" count="44" type="stmt"/>
        <line num="16" count="44" type="stmt"/>
        <line num="17" count="19" type="stmt"/>
        <line num="20" count="44" type="stmt"/>
        <line num="21" count="23" type="stmt"/>
        <line num="22" count="23" type="stmt"/>
        <line num="23" count="23" type="stmt"/>
        <line num="26" count="44" type="stmt"/>
        <line num="27" count="3" type="stmt"/>
        <line num="29" count="3" type="cond" truecount="2" falsecount="0"/>
        <line num="30" count="1" type="stmt"/>
        <line num="31" count="1" type="stmt"/>
        <line num="34" count="2" type="stmt"/>
        <line num="35" count="2" type="stmt"/>
        <line num="36" count="2" type="stmt"/>
        <line num="38" count="2" type="stmt"/>
        <line num="42" count="1" type="stmt"/>
        <line num="44" count="1" type="stmt"/>
        <line num="45" count="1" type="stmt"/>
        <line num="49" count="44" type="stmt"/>
        <line num="50" count="1" type="stmt"/>
        <line num="51" count="1" type="stmt"/>
        <line num="54" count="44" type="stmt"/>
        <line num="55" count="4" type="stmt"/>
        <line num="56" count="4" type="stmt"/>
        <line num="59" count="44" type="stmt"/>
        <line num="73" count="2" type="stmt"/>
        <line num="88" count="4" type="stmt"/>
        <line num="123" count="55" type="stmt"/>
        <line num="145" count="4" type="stmt"/>
      </file>
      <file name="Login.js" path="/home/runner/work/CRUD-Application-Springboot-React/CRUD-Application-Springboot-React/frontend/crudfront/src/pages/Login.js">
        <metrics statements="38" coveredstatements="38" conditionals="14" coveredconditionals="12" methods="6" coveredmethods="6"/>
        <line num="7" count="59" type="stmt"/>
        <line num="9" count="59" type="stmt"/>
        <line num="14" count="58" type="stmt"/>
        <line num="15" count="58" type="stmt"/>
        <line num="17" count="58" type="stmt"/>
        <line num="19" count="58" type="stmt"/>
        <line num="20" count="23" type="stmt"/>
        <line num="21" count="23" type="stmt"/>
        <line num="24" count="58" type="stmt"/>
        <line num="25" count="12" type="stmt"/>
        <line num="26" count="12" type="stmt"/>
        <line num="29" count="12" type="stmt"/>
        <line num="30" count="12" type="cond" truecount="2" falsecount="0"/>
        <line num="31" count="2" type="stmt"/>
        <line num="32" count="2" type="stmt"/>
        <line num="35" count="10" type="stmt"/>
        <line num="36" count="10" type="cond" truecount="2" falsecount="0"/>
        <line num="37" count="1" type="stmt"/>
        <line num="38" count="1" type="stmt"/>
        <line num="41" count="9" type="stmt"/>
        <line num="43" count="9" type="stmt"/>
        <line num="44" count="9" type="stmt"/>
        <line num="46" count="3" type="cond" truecount="1" falsecount="1"/>
        <line num="48" count="3" type="stmt"/>
        <line num="49" count="3" type="stmt"/>
        <line num="52" count="3" type="stmt"/>
        <line num="53" count="3" type="stmt"/>
        <line num="56" count="3" type="stmt"/>
        <line num="59" count="3" type="stmt"/>
        <line num="62" count="3" type="stmt"/>
        <line num="65" count="5" type="cond" truecount="2" falsecount="0"/>
        <line num="66" count="3" type="cond" truecount="1" falsecount="1"/>
        <line num="68" count="2" type="stmt"/>
        <line num="71" count="8" type="stmt"/>
        <line num="75" count="58" type="stmt"/>
        <line num="87" count="12" type="stmt"/>
        <line num="98" count="12" type="stmt"/>
        <line num="112" count="11" type="stmt"/>
      </file>
      <file name="Register.js" path="/home/runner/work/CRUD-Application-Springboot-React/CRUD-Application-Springboot-React/frontend/crudfront/src/pages/Register.js">
        <metrics statements="46" coveredstatements="44" conditionals="40" coveredconditionals="36" methods="8" coveredmethods="8"/>
        <line num="7" count="45" type="stmt"/>
        <line num="9" count="45" type="stmt"/>
        <line num="15" count="45" type="stmt"/>
        <line num="16" count="45" type="stmt"/>
        <line num="18" count="45" type="stmt"/>
        <line num="20" count="45" type="stmt"/>
        <line num="21" count="24" type="stmt"/>
        <line num="23" count="24" type="cond" truecount="2" falsecount="0"/>
        <line num="24" count="1" type="stmt"/>
        <line num="28" count="45" type="stmt"/>
        <line num="29" count="8" type="stmt"/>
        <line num="32" count="8" type="stmt"/>
        <line num="33" count="8" type="cond" truecount="2" falsecount="0"/>
        <line num="34" count="2" type="stmt"/>
        <line num="38" count="8" type="stmt"/>
        <line num="39" count="8" type="cond" truecount="1" falsecount="1"/>
        <line num="40" count="0" type="stmt"/>
        <line num="41" count="8" type="cond" truecount="4" falsecount="0"/>
        <line num="42" count="1" type="stmt"/>
        <line num="46" count="8" type="cond" truecount="2" falsecount="0"/>
        <line num="47" count="1" type="stmt"/>
        <line num="50" count="8" type="stmt"/>
        <line num="53" count="45" type="stmt"/>
        <line num="54" count="8" type="stmt"/>
        <line num="55" count="8" type="stmt"/>
        <line num="58" count="8" type="stmt"/>
        <line num="59" count="8" type="cond" truecount="2" falsecount="0"/>
        <line num="60" count="4" type="stmt"/>
        <line num="61" count="4" type="stmt"/>
        <line num="64" count="4" type="stmt"/>
        <line num="66" count="4" type="stmt"/>
        <line num="67" count="4" type="stmt"/>
        <line num="72" count="1" type="cond" truecount="1" falsecount="1"/>
        <line num="73" count="1" type="stmt"/>
        <line num="74" count="1" type="stmt"/>
        <line num="77" count="2" type="cond" truecount="4" falsecount="0"/>
        <line num="78" count="1" type="cond" truecount="1" falsecount="1"/>
        <line num="79" count="0" type="stmt"/>
        <line num="81" count="1" type="cond" truecount="1" falsecount="1"/>
        <line num="84" count="1" type="stmt"/>
        <line num="87" count="3" type="stmt"/>
        <line num="91" count="45" type="stmt"/>
        <line num="103" count="8" type="stmt"/>
        <line num="114" count="8" type="stmt"/>
        <line num="135" count="8" type="stmt"/>
        <line num="156" count="8" type="stmt"/>
      </file>
    </package>
    <package name="product">
      <metrics statements="56" coveredstatements="54" conditionals="4" coveredconditionals="4" methods="25" coveredmethods="23"/>
      <file name="AddProduct.js" path="/home/runner/work/CRUD-Application-Springboot-React/CRUD-Application-Springboot-React/frontend/crudfront/src/product/AddProduct.js">
        <metrics statements="21" coveredstatements="21" conditionals="2" coveredconditionals="2" methods="10" coveredmethods="10"/>
        <line num="7" count="37" type="stmt"/>
        <line num="9" count="37" type="stmt"/>
        <line num="17" count="37" type="stmt"/>
        <line num="19" count="37" type="stmt"/>
        <line num="20" count="25" type="stmt"/>
        <line num="23" count="37" type="stmt"/>
        <line num="24" count="8" type="stmt"/>
        <line num="26" count="8" type="stmt"/>
        <line num="27" count="8" type="cond" truecount="2" falsecount="0"/>
        <line num="28" count="6" type="stmt"/>
        <line num="29" count="6" type="stmt"/>
        <line num="32" count="2" type="stmt"/>
        <line num="33" count="2" type="stmt"/>
        <line num="36" count="37" type="stmt"/>
        <line num="42" count="8" type="stmt"/>
        <line num="53" count="7" type="stmt"/>
        <line num="66" count="8" type="stmt"/>
        <line num="79" count="7" type="stmt"/>
        <line num="91" count="1" type="stmt"/>
        <line num="102" count="2" type="stmt"/>
        <line num="106" count="185" type="stmt"/>
      </file>
      <file name="EditProduct.js" path="/home/runner/work/CRUD-Application-Springboot-React/CRUD-Application-Springboot-React/frontend/crudfront/src/product/EditProduct.js">
        <metrics statements="27" coveredstatements="25" conditionals="2" coveredconditionals="2" methods="12" coveredmethods="10"/>
        <line num="7" count="34" type="stmt"/>
        <line num="9" count="34" type="stmt"/>
        <line num="11" count="34" type="stmt"/>
        <line num="19" count="33" type="stmt"/>
        <line num="21" count="33" type="stmt"/>
        <line num="22" count="7" type="stmt"/>
        <line num="25" count="33" type="stmt"/>
        <line num="26" count="15" type="stmt"/>
        <line num="29" count="33" type="stmt"/>
        <line num="30" count="7" type="stmt"/>
        <line num="32" count="7" type="stmt"/>
        <line num="33" count="7" type="cond" truecount="2" falsecount="0"/>
        <line num="34" count="3" type="stmt"/>
        <line num="35" count="3" type="stmt"/>
        <line num="38" count="4" type="stmt"/>
        <line num="39" count="4" type="stmt"/>
        <line num="42" count="33" type="stmt"/>
        <line num="43" count="15" type="stmt"/>
        <line num="44" count="15" type="stmt"/>
        <line num="47" count="33" type="stmt"/>
        <line num="53" count="7" type="stmt"/>
        <line num="64" count="4" type="stmt"/>
        <line num="77" count="2" type="stmt"/>
        <line num="90" count="1" type="stmt"/>
        <line num="102" count="0" type="stmt"/>
        <line num="113" count="0" type="stmt"/>
        <line num="117" count="165" type="stmt"/>
      </file>
      <file name="ViewProduct.js" path="/home/runner/work/CRUD-Application-Springboot-React/CRUD-Application-Springboot-React/frontend/crudfront/src/product/ViewProduct.js">
        <metrics statements="8" coveredstatements="8" conditionals="0" coveredconditionals="0" methods="3" coveredmethods="3"/>
        <line num="6" count="20" type="stmt"/>
        <line num="14" count="20" type="stmt"/>
        <line num="16" count="20" type="stmt"/>
        <line num="17" count="10" type="stmt"/>
        <line num="20" count="20" type="stmt"/>
        <line num="21" count="10" type="stmt"/>
        <line num="22" count="10" type="stmt"/>
        <line num="25" count="20" type="stmt"/>
      </file>
    </package>
    <package name="util">
      <metrics statements="72" coveredstatements="72" conditionals="58" coveredconditionals="58" methods="9" coveredmethods="9"/>
      <file name="axiosConfig.js" path="/home/runner/work/CRUD-Application-Springboot-React/CRUD-Application-Springboot-React/frontend/crudfront/src/util/axiosConfig.js">
        <metrics statements="26" coveredstatements="26" conditionals="8" coveredconditionals="8" methods="6" coveredmethods="6"/>
        <line num="4" count="3" type="stmt"/>
        <line num="9" count="3" type="stmt"/>
        <line num="11" count="4" type="stmt"/>
        <line num="12" count="4" type="cond" truecount="2" falsecount="0"/>
        <line num="13" count="2" type="stmt"/>
        <line num="15" count="4" type="stmt"/>
        <line num="18" count="1" type="stmt"/>
        <line num="23" count="3" type="stmt"/>
        <line num="25" count="1" type="stmt"/>
        <line num="28" count="3" type="cond" truecount="4" falsecount="0"/>
        <line num="30" count="1" type="stmt"/>
        <line num="31" count="1" type="stmt"/>
        <line num="32" count="1" type="stmt"/>
        <line num="33" count="1" type="stmt"/>
        <line num="35" count="3" type="stmt"/>
        <line num="40" count="3" type="stmt"/>
        <line num="41" count="4" type="stmt"/>
        <line num="42" count="4" type="cond" truecount="2" falsecount="0"/>
        <line num="43" count="1" type="stmt"/>
        <line num="45" count="3" type="stmt"/>
        <line num="49" count="3" type="stmt"/>
        <line num="50" count="5" type="stmt"/>
        <line num="51" count="5" type="stmt"/>
        <line num="52" count="5" type="stmt"/>
        <line num="53" count="5" type="stmt"/>
        <line num="54" count="5" type="stmt"/>
      </file>
      <file name="productValidation.js" path="/home/runner/work/CRUD-Application-Springboot-React/CRUD-Application-Springboot-React/frontend/crudfront/src/util/productValidation.js">
        <metrics statements="21" coveredstatements="21" conditionals="24" coveredconditionals="24" methods="1" coveredmethods="1"/>
        <line num="3" count="5" type="stmt"/>
        <line num="6" count="41" type="stmt"/>
        <line num="9" count="41" type="cond" truecount="4" falsecount="0"/>
        <line num="10" count="4" type="stmt"/>
        <line num="11" count="37" type="cond" truecount="2" falsecount="0"/>
        <line num="12" count="2" type="stmt"/>
        <line num="13" count="35" type="cond" truecount="2" falsecount="0"/>
        <line num="14" count="1" type="stmt"/>
        <line num="18" count="41" type="cond" truecount="2" falsecount="0"/>
        <line num="19" count="5" type="stmt"/>
        <line num="20" count="36" type="cond" truecount="2" falsecount="0"/>
        <line num="21" count="1" type="stmt"/>
        <line num="25" count="41" type="cond" truecount="2" falsecount="0"/>
        <line num="26" count="3" type="stmt"/>
        <line num="27" count="38" type="cond" truecount="2" falsecount="0"/>
        <line num="28" count="1" type="stmt"/>
        <line num="32" count="41" type="cond" truecount="4" falsecount="0"/>
        <line num="33" count="2" type="stmt"/>
        <line num="37" count="41" type="cond" truecount="4" falsecount="0"/>
        <line num="38" count="1" type="stmt"/>
        <line num="41" count="41" type="stmt"/>
      </file>
      <file name="validation.js" path="/home/runner/work/CRUD-Application-Springboot-React/CRUD-Application-Springboot-React/frontend/crudfront/src/util/validation.js">
        <metrics statements="25" coveredstatements="25" conditionals="26" coveredconditionals="26" methods="2" coveredmethods="2"/>
        <line num="5" count="38" type="cond" truecount="4" falsecount="0"/>
        <line num="6" count="5" type="stmt"/>
        <line num="10" count="33" type="cond" truecount="2" falsecount="0"/>
        <line num="11" count="2" type="stmt"/>
        <line num="15" count="31" type="cond" truecount="2" falsecount="0"/>
        <line num="16" count="4" type="stmt"/>
        <line num="20" count="27" type="cond" truecount="2" falsecount="0"/>
        <line num="21" count="1" type="stmt"/>
        <line num="25" count="26" type="stmt"/>
        <line num="26" count="26" type="cond" truecount="2" falsecount="0"/>
        <line num="27" count="3" type="stmt"/>
        <line num="30" count="23" type="stmt"/>
        <line num="35" count="32" type="cond" truecount="4" falsecount="0"/>
        <line num="36" count="3" type="stmt"/>
        <line num="40" count="29" type="cond" truecount="2" falsecount="0"/>
        <line num="41" count="1" type="stmt"/>
        <line num="45" count="28" type="cond" truecount="2" falsecount="0"/>
        <line num="46" count="2" type="stmt"/>
        <line num="50" count="26" type="cond" truecount="2" falsecount="0"/>
        <line num="51" count="1" type="stmt"/>
        <line num="55" count="25" type="stmt"/>
        <line num="56" count="25" type="stmt"/>
        <line num="58" count="25" type="cond" truecount="4" falsecount="0"/>
        <line num="59" count="3" type="stmt"/>
        <line num="62" count="22" type="stmt"/>
      </file>
    </package>
  </project>
</coverage>
