{"/home/runner/work/CRUD-Application-Springboot-React/CRUD-Application-Springboot-React/frontend/crudfront/src/pages/Home.js": {"path":"/home/runner/work/CRUD-Application-Springboot-React/CRUD-Application-Springboot-React/frontend/crudfront/src/pages/Home.js","statementMap":{"0":{"start":{"line":7,"column":2},"end":{"line":7,"column":12}},"1":{"start":{"line":9,"column":34},"end":{"line":9,"column":46}},"2":{"start":{"line":10,"column":40},"end":{"line":10,"column":52}},"3":{"start":{"line":11,"column":38},"end":{"line":11,"column":57}},"4":{"start":{"line":12,"column":40},"end":{"line":12,"column":52}},"5":{"start":{"line":14,"column":17},"end":{"line":14,"column":28}},"6":{"start":{"line":16,"column":2},"end":{"line":18,"column":9}},"7":{"start":{"line":17,"column":4},"end":{"line":17,"column":19}},"8":{"start":{"line":20,"column":23},"end":{"line":24,"column":3}},"9":{"start":{"line":21,"column":19},"end":{"line":21,"column":55}},"10":{"start":{"line":22,"column":4},"end":{"line":22,"column":29}},"11":{"start":{"line":23,"column":4},"end":{"line":23,"column":32}},"12":{"start":{"line":26,"column":23},"end":{"line":47,"column":3}},"13":{"start":{"line":27,"column":4},"end":{"line":27,"column":23}},"14":{"start":{"line":29,"column":4},"end":{"line":32,"column":5}},"15":{"start":{"line":30,"column":6},"end":{"line":30,"column":31}},"16":{"start":{"line":31,"column":6},"end":{"line":31,"column":13}},"17":{"start":{"line":34,"column":4},"end":{"line":46,"column":5}},"18":{"start":{"line":35,"column":21},"end":{"line":35,"column":23}},"19":{"start":{"line":36,"column":6},"end":{"line":36,"column":46}},"20":{"start":{"line":38,"column":21},"end":{"line":40,"column":8}},"21":{"start":{"line":42,"column":6},"end":{"line":42,"column":31}},"22":{"start":{"line":44,"column":6},"end":{"line":44,"column":56}},"23":{"start":{"line":45,"column":6},"end":{"line":45,"column":60}},"24":{"start":{"line":49,"column":22},"end":{"line":52,"column":3}},"25":{"start":{"line":50,"column":4},"end":{"line":50,"column":23}},"26":{"start":{"line":51,"column":4},"end":{"line":51,"column":29}},"27":{"start":{"line":54,"column":24},"end":{"line":57,"column":3}},"28":{"start":{"line":55,"column":4},"end":{"line":55,"column":49}},"29":{"start":{"line":56,"column":4},"end":{"line":56,"column":19}},"30":{"start":{"line":59,"column":2},"end":{"line":156,"column":4}},"31":{"start":{"line":73,"column":37},"end":{"line":73,"column":66}},"32":{"start":{"line":88,"column":37},"end":{"line":88,"column":67}},"33":{"start":{"line":123,"column":14},"end":{"line":150,"column":19}},"34":{"start":{"line":145,"column":35},"end":{"line":145,"column":60}}},"fnMap":{"0":{"name":"Home","decl":{"start":{"line":6,"column":24},"end":{"line":6,"column":28}},"loc":{"start":{"line":6,"column":31},"end":{"line":157,"column":1}},"line":6},"1":{"name":"(anonymous_1)","decl":{"start":{"line":16,"column":12},"end":{"line":16,"column":13}},"loc":{"start":{"line":16,"column":18},"end":{"line":18,"column":3}},"line":16},"2":{"name":"(anonymous_2)","decl":{"start":{"line":20,"column":23},"end":{"line":20,"column":24}},"loc":{"start":{"line":20,"column":35},"end":{"line":24,"column":3}},"line":20},"3":{"name":"(anonymous_3)","decl":{"start":{"line":26,"column":23},"end":{"line":26,"column":24}},"loc":{"start":{"line":26,"column":36},"end":{"line":47,"column":3}},"line":26},"4":{"name":"(anonymous_4)","decl":{"start":{"line":49,"column":22},"end":{"line":49,"column":23}},"loc":{"start":{"line":49,"column":28},"end":{"line":52,"column":3}},"line":49},"5":{"name":"(anonymous_5)","decl":{"start":{"line":54,"column":24},"end":{"line":54,"column":25}},"loc":{"start":{"line":54,"column":38},"end":{"line":57,"column":3}},"line":54},"6":{"name":"(anonymous_6)","decl":{"start":{"line":73,"column":30},"end":{"line":73,"column":31}},"loc":{"start":{"line":73,"column":37},"end":{"line":73,"column":66}},"line":73},"7":{"name":"(anonymous_7)","decl":{"start":{"line":88,"column":30},"end":{"line":88,"column":31}},"loc":{"start":{"line":88,"column":37},"end":{"line":88,"column":67}},"line":88},"8":{"name":"(anonymous_8)","decl":{"start":{"line":122,"column":26},"end":{"line":122,"column":27}},"loc":{"start":{"line":123,"column":14},"end":{"line":150,"column":19}},"line":123},"9":{"name":"(anonymous_9)","decl":{"start":{"line":145,"column":29},"end":{"line":145,"column":30}},"loc":{"start":{"line":145,"column":35},"end":{"line":145,"column":60}},"line":145}},"branchMap":{"0":{"loc":{"start":{"line":29,"column":4},"end":{"line":32,"column":5}},"type":"if","locations":[{"start":{"line":29,"column":4},"end":{"line":32,"column":5}},{"start":{},"end":{}}],"line":29}},"s":{"0":45,"1":45,"2":44,"3":44,"4":44,"5":44,"6":44,"7":19,"8":44,"9":23,"10":23,"11":23,"12":44,"13":3,"14":3,"15":1,"16":1,"17":2,"18":2,"19":2,"20":2,"21":1,"22":1,"23":1,"24":44,"25":1,"26":1,"27":44,"28":4,"29":4,"30":44,"31":2,"32":4,"33":55,"34":4},"f":{"0":45,"1":19,"2":23,"3":3,"4":1,"5":4,"6":2,"7":4,"8":55,"9":4},"b":{"0":[1,2]},"_coverageSchema":"1a1c01bbd47fc00a2c39e90264f33305004495a9","hash":"fdc8819d121b0ffcb5c1a72f88a137047820c172"}
,"/home/runner/work/CRUD-Application-Springboot-React/CRUD-Application-Springboot-React/frontend/crudfront/src/pages/Login.js": {"path":"/home/runner/work/CRUD-Application-Springboot-React/CRUD-Application-Springboot-React/frontend/crudfront/src/pages/Login.js","statementMap":{"0":{"start":{"line":7,"column":21},"end":{"line":7,"column":34}},"1":{"start":{"line":9,"column":38},"end":{"line":12,"column":6}},"2":{"start":{"line":14,"column":30},"end":{"line":14,"column":42}},"3":{"start":{"line":15,"column":34},"end":{"line":15,"column":49}},"4":{"start":{"line":17,"column":35},"end":{"line":17,"column":44}},"5":{"start":{"line":19,"column":26},"end":{"line":22,"column":5}},"6":{"start":{"line":20,"column":8},"end":{"line":20,"column":72}},"7":{"start":{"line":21,"column":8},"end":{"line":21,"column":21}},"8":{"start":{"line":24,"column":21},"end":{"line":73,"column":5}},"9":{"start":{"line":25,"column":8},"end":{"line":25,"column":27}},"10":{"start":{"line":26,"column":8},"end":{"line":26,"column":21}},"11":{"start":{"line":29,"column":30},"end":{"line":29,"column":56}},"12":{"start":{"line":30,"column":8},"end":{"line":33,"column":9}},"13":{"start":{"line":31,"column":12},"end":{"line":31,"column":36}},"14":{"start":{"line":32,"column":12},"end":{"line":32,"column":19}},"15":{"start":{"line":35,"column":30},"end":{"line":35,"column":56}},"16":{"start":{"line":36,"column":8},"end":{"line":39,"column":9}},"17":{"start":{"line":37,"column":12},"end":{"line":37,"column":36}},"18":{"start":{"line":38,"column":12},"end":{"line":38,"column":19}},"19":{"start":{"line":41,"column":8},"end":{"line":41,"column":25}},"20":{"start":{"line":43,"column":8},"end":{"line":72,"column":9}},"21":{"start":{"line":44,"column":29},"end":{"line":44,"column":92}},"22":{"start":{"line":46,"column":12},"end":{"line":63,"column":13}},"23":{"start":{"line":48,"column":16},"end":{"line":48,"column":81}},"24":{"start":{"line":49,"column":16},"end":{"line":49,"column":67}},"25":{"start":{"line":52,"column":39},"end":{"line":52,"column":85}},"26":{"start":{"line":53,"column":16},"end":{"line":53,"column":83}},"27":{"start":{"line":56,"column":16},"end":{"line":56,"column":59}},"28":{"start":{"line":59,"column":16},"end":{"line":59,"column":43}},"29":{"start":{"line":62,"column":16},"end":{"line":62,"column":30}},"30":{"start":{"line":65,"column":12},"end":{"line":69,"column":13}},"31":{"start":{"line":66,"column":16},"end":{"line":66,"column":70}},"32":{"start":{"line":68,"column":16},"end":{"line":68,"column":61}},"33":{"start":{"line":71,"column":12},"end":{"line":71,"column":30}},"34":{"start":{"line":75,"column":4},"end":{"line":136,"column":6}},"35":{"start":{"line":87,"column":43},"end":{"line":87,"column":54}},"36":{"start":{"line":98,"column":49},"end":{"line":98,"column":65}},"37":{"start":{"line":112,"column":49},"end":{"line":112,"column":65}}},"fnMap":{"0":{"name":"Login","decl":{"start":{"line":6,"column":24},"end":{"line":6,"column":29}},"loc":{"start":{"line":6,"column":32},"end":{"line":137,"column":1}},"line":6},"1":{"name":"(anonymous_1)","decl":{"start":{"line":19,"column":26},"end":{"line":19,"column":27}},"loc":{"start":{"line":19,"column":33},"end":{"line":22,"column":5}},"line":19},"2":{"name":"(anonymous_2)","decl":{"start":{"line":24,"column":21},"end":{"line":24,"column":22}},"loc":{"start":{"line":24,"column":34},"end":{"line":73,"column":5}},"line":24},"3":{"name":"(anonymous_3)","decl":{"start":{"line":87,"column":36},"end":{"line":87,"column":37}},"loc":{"start":{"line":87,"column":43},"end":{"line":87,"column":54}},"line":87},"4":{"name":"(anonymous_4)","decl":{"start":{"line":98,"column":42},"end":{"line":98,"column":43}},"loc":{"start":{"line":98,"column":49},"end":{"line":98,"column":65}},"line":98},"5":{"name":"(anonymous_5)","decl":{"start":{"line":112,"column":42},"end":{"line":112,"column":43}},"loc":{"start":{"line":112,"column":49},"end":{"line":112,"column":65}},"line":112}},"branchMap":{"0":{"loc":{"start":{"line":30,"column":8},"end":{"line":33,"column":9}},"type":"if","locations":[{"start":{"line":30,"column":8},"end":{"line":33,"column":9}},{"start":{},"end":{}}],"line":30},"1":{"loc":{"start":{"line":36,"column":8},"end":{"line":39,"column":9}},"type":"if","locations":[{"start":{"line":36,"column":8},"end":{"line":39,"column":9}},{"start":{},"end":{}}],"line":36},"2":{"loc":{"start":{"line":46,"column":12},"end":{"line":63,"column":13}},"type":"if","locations":[{"start":{"line":46,"column":12},"end":{"line":63,"column":13}},{"start":{},"end":{}}],"line":46},"3":{"loc":{"start":{"line":65,"column":12},"end":{"line":69,"column":13}},"type":"if","locations":[{"start":{"line":65,"column":12},"end":{"line":69,"column":13}},{"start":{"line":67,"column":19},"end":{"line":69,"column":13}}],"line":65},"4":{"loc":{"start":{"line":66,"column":25},"end":{"line":66,"column":68}},"type":"binary-expr","locations":[{"start":{"line":66,"column":25},"end":{"line":66,"column":50}},{"start":{"line":66,"column":54},"end":{"line":66,"column":68}}],"line":66},"5":{"loc":{"start":{"line":81,"column":21},"end":{"line":85,"column":21}},"type":"binary-expr","locations":[{"start":{"line":81,"column":21},"end":{"line":81,"column":26}},{"start":{"line":82,"column":24},"end":{"line":84,"column":30}}],"line":81},"6":{"loc":{"start":{"line":121,"column":29},"end":{"line":121,"column":64}},"type":"cond-expr","locations":[{"start":{"line":121,"column":39},"end":{"line":121,"column":54}},{"start":{"line":121,"column":57},"end":{"line":121,"column":64}}],"line":121}},"s":{"0":59,"1":59,"2":58,"3":58,"4":58,"5":58,"6":23,"7":23,"8":58,"9":12,"10":12,"11":12,"12":12,"13":2,"14":2,"15":10,"16":10,"17":1,"18":1,"19":9,"20":9,"21":9,"22":3,"23":3,"24":3,"25":3,"26":3,"27":3,"28":3,"29":3,"30":5,"31":3,"32":2,"33":8,"34":58,"35":12,"36":12,"37":11},"f":{"0":59,"1":23,"2":12,"3":12,"4":12,"5":11},"b":{"0":[2,10],"1":[1,9],"2":[3,0],"3":[3,2],"4":[3,0],"5":[58,8],"6":[9,49]},"_coverageSchema":"1a1c01bbd47fc00a2c39e90264f33305004495a9","hash":"3ae3da81dba8d7460dae395d104012758ba5e196"}
,"/home/runner/work/CRUD-Application-Springboot-React/CRUD-Application-Springboot-React/frontend/crudfront/src/pages/Register.js": {"path":"/home/runner/work/CRUD-Application-Springboot-React/CRUD-Application-Springboot-React/frontend/crudfront/src/pages/Register.js","statementMap":{"0":{"start":{"line":7,"column":21},"end":{"line":7,"column":34}},"1":{"start":{"line":9,"column":44},"end":{"line":13,"column":6}},"2":{"start":{"line":15,"column":32},"end":{"line":15,"column":44}},"3":{"start":{"line":16,"column":34},"end":{"line":16,"column":49}},"4":{"start":{"line":18,"column":52},"end":{"line":18,"column":64}},"5":{"start":{"line":20,"column":26},"end":{"line":26,"column":5}},"6":{"start":{"line":21,"column":8},"end":{"line":21,"column":78}},"7":{"start":{"line":23,"column":8},"end":{"line":25,"column":9}},"8":{"start":{"line":24,"column":12},"end":{"line":24,"column":58}},"9":{"start":{"line":28,"column":25},"end":{"line":51,"column":5}},"10":{"start":{"line":29,"column":26},"end":{"line":29,"column":28}},"11":{"start":{"line":32,"column":30},"end":{"line":32,"column":56}},"12":{"start":{"line":33,"column":8},"end":{"line":35,"column":9}},"13":{"start":{"line":34,"column":12},"end":{"line":34,"column":47}},"14":{"start":{"line":38,"column":30},"end":{"line":38,"column":56}},"15":{"start":{"line":39,"column":8},"end":{"line":43,"column":9}},"16":{"start":{"line":40,"column":12},"end":{"line":40,"column":47}},"17":{"start":{"line":41,"column":15},"end":{"line":43,"column":9}},"18":{"start":{"line":42,"column":12},"end":{"line":42,"column":68}},"19":{"start":{"line":46,"column":8},"end":{"line":48,"column":9}},"20":{"start":{"line":47,"column":12},"end":{"line":47,"column":65}},"21":{"start":{"line":50,"column":8},"end":{"line":50,"column":25}},"22":{"start":{"line":53,"column":21},"end":{"line":89,"column":5}},"23":{"start":{"line":54,"column":8},"end":{"line":54,"column":27}},"24":{"start":{"line":55,"column":8},"end":{"line":55,"column":22}},"25":{"start":{"line":58,"column":33},"end":{"line":58,"column":47}},"26":{"start":{"line":59,"column":8},"end":{"line":62,"column":9}},"27":{"start":{"line":60,"column":12},"end":{"line":60,"column":40}},"28":{"start":{"line":61,"column":12},"end":{"line":61,"column":19}},"29":{"start":{"line":64,"column":8},"end":{"line":64,"column":25}},"30":{"start":{"line":66,"column":8},"end":{"line":88,"column":9}},"31":{"start":{"line":67,"column":29},"end":{"line":70,"column":14}},"32":{"start":{"line":72,"column":12},"end":{"line":75,"column":13}},"33":{"start":{"line":73,"column":16},"end":{"line":73,"column":64}},"34":{"start":{"line":74,"column":16},"end":{"line":74,"column":35}},"35":{"start":{"line":77,"column":12},"end":{"line":85,"column":13}},"36":{"start":{"line":78,"column":16},"end":{"line":82,"column":17}},"37":{"start":{"line":79,"column":20},"end":{"line":79,"column":56}},"38":{"start":{"line":81,"column":20},"end":{"line":81,"column":95}},"39":{"start":{"line":84,"column":16},"end":{"line":84,"column":75}},"40":{"start":{"line":87,"column":12},"end":{"line":87,"column":30}},"41":{"start":{"line":91,"column":4},"end":{"line":184,"column":6}},"42":{"start":{"line":103,"column":43},"end":{"line":103,"column":54}},"43":{"start":{"line":114,"column":49},"end":{"line":114,"column":65}},"44":{"start":{"line":135,"column":49},"end":{"line":135,"column":65}},"45":{"start":{"line":156,"column":49},"end":{"line":156,"column":65}}},"fnMap":{"0":{"name":"Register","decl":{"start":{"line":6,"column":24},"end":{"line":6,"column":32}},"loc":{"start":{"line":6,"column":35},"end":{"line":185,"column":1}},"line":6},"1":{"name":"(anonymous_1)","decl":{"start":{"line":20,"column":26},"end":{"line":20,"column":27}},"loc":{"start":{"line":20,"column":33},"end":{"line":26,"column":5}},"line":20},"2":{"name":"(anonymous_2)","decl":{"start":{"line":28,"column":25},"end":{"line":28,"column":26}},"loc":{"start":{"line":28,"column":31},"end":{"line":51,"column":5}},"line":28},"3":{"name":"(anonymous_3)","decl":{"start":{"line":53,"column":21},"end":{"line":53,"column":22}},"loc":{"start":{"line":53,"column":34},"end":{"line":89,"column":5}},"line":53},"4":{"name":"(anonymous_4)","decl":{"start":{"line":103,"column":36},"end":{"line":103,"column":37}},"loc":{"start":{"line":103,"column":43},"end":{"line":103,"column":54}},"line":103},"5":{"name":"(anonymous_5)","decl":{"start":{"line":114,"column":42},"end":{"line":114,"column":43}},"loc":{"start":{"line":114,"column":49},"end":{"line":114,"column":65}},"line":114},"6":{"name":"(anonymous_6)","decl":{"start":{"line":135,"column":42},"end":{"line":135,"column":43}},"loc":{"start":{"line":135,"column":49},"end":{"line":135,"column":65}},"line":135},"7":{"name":"(anonymous_7)","decl":{"start":{"line":156,"column":42},"end":{"line":156,"column":43}},"loc":{"start":{"line":156,"column":49},"end":{"line":156,"column":65}},"line":156}},"branchMap":{"0":{"loc":{"start":{"line":23,"column":8},"end":{"line":25,"column":9}},"type":"if","locations":[{"start":{"line":23,"column":8},"end":{"line":25,"column":9}},{"start":{},"end":{}}],"line":23},"1":{"loc":{"start":{"line":33,"column":8},"end":{"line":35,"column":9}},"type":"if","locations":[{"start":{"line":33,"column":8},"end":{"line":35,"column":9}},{"start":{},"end":{}}],"line":33},"2":{"loc":{"start":{"line":39,"column":8},"end":{"line":43,"column":9}},"type":"if","locations":[{"start":{"line":39,"column":8},"end":{"line":43,"column":9}},{"start":{"line":41,"column":15},"end":{"line":43,"column":9}}],"line":39},"3":{"loc":{"start":{"line":41,"column":15},"end":{"line":43,"column":9}},"type":"if","locations":[{"start":{"line":41,"column":15},"end":{"line":43,"column":9}},{"start":{},"end":{}}],"line":41},"4":{"loc":{"start":{"line":41,"column":19},"end":{"line":41,"column":86}},"type":"binary-expr","locations":[{"start":{"line":41,"column":19},"end":{"line":41,"column":27}},{"start":{"line":41,"column":31},"end":{"line":41,"column":86}}],"line":41},"5":{"loc":{"start":{"line":46,"column":8},"end":{"line":48,"column":9}},"type":"if","locations":[{"start":{"line":46,"column":8},"end":{"line":48,"column":9}},{"start":{},"end":{}}],"line":46},"6":{"loc":{"start":{"line":59,"column":8},"end":{"line":62,"column":9}},"type":"if","locations":[{"start":{"line":59,"column":8},"end":{"line":62,"column":9}},{"start":{},"end":{}}],"line":59},"7":{"loc":{"start":{"line":72,"column":12},"end":{"line":75,"column":13}},"type":"if","locations":[{"start":{"line":72,"column":12},"end":{"line":75,"column":13}},{"start":{},"end":{}}],"line":72},"8":{"loc":{"start":{"line":77,"column":12},"end":{"line":85,"column":13}},"type":"if","locations":[{"start":{"line":77,"column":12},"end":{"line":85,"column":13}},{"start":{"line":83,"column":19},"end":{"line":85,"column":13}}],"line":77},"9":{"loc":{"start":{"line":77,"column":16},"end":{"line":77,"column":49}},"type":"binary-expr","locations":[{"start":{"line":77,"column":16},"end":{"line":77,"column":28}},{"start":{"line":77,"column":32},"end":{"line":77,"column":49}}],"line":77},"10":{"loc":{"start":{"line":78,"column":16},"end":{"line":82,"column":17}},"type":"if","locations":[{"start":{"line":78,"column":16},"end":{"line":82,"column":17}},{"start":{"line":80,"column":23},"end":{"line":82,"column":17}}],"line":78},"11":{"loc":{"start":{"line":81,"column":41},"end":{"line":81,"column":91}},"type":"binary-expr","locations":[{"start":{"line":81,"column":41},"end":{"line":81,"column":66}},{"start":{"line":81,"column":70},"end":{"line":81,"column":91}}],"line":81},"12":{"loc":{"start":{"line":97,"column":21},"end":{"line":101,"column":21}},"type":"binary-expr","locations":[{"start":{"line":97,"column":21},"end":{"line":97,"column":35}},{"start":{"line":98,"column":24},"end":{"line":100,"column":30}}],"line":97},"13":{"loc":{"start":{"line":110,"column":59},"end":{"line":110,"column":94}},"type":"cond-expr","locations":[{"start":{"line":110,"column":77},"end":{"line":110,"column":89}},{"start":{"line":110,"column":92},"end":{"line":110,"column":94}}],"line":110},"14":{"loc":{"start":{"line":117,"column":29},"end":{"line":119,"column":29}},"type":"binary-expr","locations":[{"start":{"line":117,"column":29},"end":{"line":117,"column":44}},{"start":{"line":118,"column":32},"end":{"line":118,"column":89}}],"line":117},"15":{"loc":{"start":{"line":131,"column":59},"end":{"line":131,"column":94}},"type":"cond-expr","locations":[{"start":{"line":131,"column":77},"end":{"line":131,"column":89}},{"start":{"line":131,"column":92},"end":{"line":131,"column":94}}],"line":131},"16":{"loc":{"start":{"line":138,"column":29},"end":{"line":140,"column":29}},"type":"binary-expr","locations":[{"start":{"line":138,"column":29},"end":{"line":138,"column":44}},{"start":{"line":139,"column":32},"end":{"line":139,"column":89}}],"line":138},"17":{"loc":{"start":{"line":152,"column":59},"end":{"line":152,"column":101}},"type":"cond-expr","locations":[{"start":{"line":152,"column":84},"end":{"line":152,"column":96}},{"start":{"line":152,"column":99},"end":{"line":152,"column":101}}],"line":152},"18":{"loc":{"start":{"line":159,"column":29},"end":{"line":161,"column":29}},"type":"binary-expr","locations":[{"start":{"line":159,"column":29},"end":{"line":159,"column":51}},{"start":{"line":160,"column":32},"end":{"line":160,"column":96}}],"line":159},"19":{"loc":{"start":{"line":169,"column":29},"end":{"line":169,"column":68}},"type":"cond-expr","locations":[{"start":{"line":169,"column":39},"end":{"line":169,"column":55}},{"start":{"line":169,"column":58},"end":{"line":169,"column":68}}],"line":169}},"s":{"0":45,"1":45,"2":45,"3":45,"4":45,"5":45,"6":24,"7":24,"8":1,"9":45,"10":8,"11":8,"12":8,"13":2,"14":8,"15":8,"16":0,"17":8,"18":1,"19":8,"20":1,"21":8,"22":45,"23":8,"24":8,"25":8,"26":8,"27":4,"28":4,"29":4,"30":4,"31":4,"32":1,"33":1,"34":1,"35":2,"36":1,"37":0,"38":1,"39":1,"40":3,"41":45,"42":8,"43":8,"44":8,"45":8},"f":{"0":45,"1":24,"2":8,"3":8,"4":8,"5":8,"6":8,"7":8},"b":{"0":[1,23],"1":[2,6],"2":[0,8],"3":[1,7],"4":[8,7],"5":[1,7],"6":[4,4],"7":[1,0],"8":[1,1],"9":[2,1],"10":[0,1],"11":[1,0],"12":[45,2],"13":[2,43],"14":[45,2],"15":[1,44],"16":[45,1],"17":[1,44],"18":[45,1],"19":[4,41]},"_coverageSchema":"1a1c01bbd47fc00a2c39e90264f33305004495a9","hash":"2822d64a58c8d0643250656e34c80b956fe869d0"}
,"/home/runner/work/CRUD-Application-Springboot-React/CRUD-Application-Springboot-React/frontend/crudfront/src/product/AddProduct.js": {"path":"/home/runner/work/CRUD-Application-Springboot-React/CRUD-Application-Springboot-React/frontend/crudfront/src/product/AddProduct.js","statementMap":{"0":{"start":{"line":7,"column":17},"end":{"line":7,"column":30}},"1":{"start":{"line":9,"column":32},"end":{"line":15,"column":4}},"2":{"start":{"line":17,"column":59},"end":{"line":17,"column":66}},"3":{"start":{"line":19,"column":24},"end":{"line":21,"column":3}},"4":{"start":{"line":20,"column":4},"end":{"line":20,"column":64}},"5":{"start":{"line":23,"column":19},"end":{"line":34,"column":3}},"6":{"start":{"line":24,"column":4},"end":{"line":24,"column":23}},"7":{"start":{"line":26,"column":19},"end":{"line":26,"column":43}},"8":{"start":{"line":27,"column":4},"end":{"line":30,"column":5}},"9":{"start":{"line":28,"column":6},"end":{"line":28,"column":60}},"10":{"start":{"line":29,"column":6},"end":{"line":29,"column":13}},"11":{"start":{"line":32,"column":4},"end":{"line":32,"column":63}},"12":{"start":{"line":33,"column":4},"end":{"line":33,"column":18}},"13":{"start":{"line":36,"column":2},"end":{"line":122,"column":4}},"14":{"start":{"line":42,"column":33},"end":{"line":42,"column":44}},"15":{"start":{"line":53,"column":33},"end":{"line":53,"column":49}},"16":{"start":{"line":66,"column":33},"end":{"line":66,"column":49}},"17":{"start":{"line":79,"column":33},"end":{"line":79,"column":49}},"18":{"start":{"line":91,"column":33},"end":{"line":91,"column":49}},"19":{"start":{"line":102,"column":33},"end":{"line":102,"column":49}},"20":{"start":{"line":106,"column":18},"end":{"line":108,"column":27}}},"fnMap":{"0":{"name":"AddProduct","decl":{"start":{"line":6,"column":24},"end":{"line":6,"column":34}},"loc":{"start":{"line":6,"column":37},"end":{"line":123,"column":1}},"line":6},"1":{"name":"(anonymous_1)","decl":{"start":{"line":19,"column":24},"end":{"line":19,"column":25}},"loc":{"start":{"line":19,"column":31},"end":{"line":21,"column":3}},"line":19},"2":{"name":"(anonymous_2)","decl":{"start":{"line":23,"column":19},"end":{"line":23,"column":20}},"loc":{"start":{"line":23,"column":32},"end":{"line":34,"column":3}},"line":23},"3":{"name":"(anonymous_3)","decl":{"start":{"line":42,"column":26},"end":{"line":42,"column":27}},"loc":{"start":{"line":42,"column":33},"end":{"line":42,"column":44}},"line":42},"4":{"name":"(anonymous_4)","decl":{"start":{"line":53,"column":26},"end":{"line":53,"column":27}},"loc":{"start":{"line":53,"column":33},"end":{"line":53,"column":49}},"line":53},"5":{"name":"(anonymous_5)","decl":{"start":{"line":66,"column":26},"end":{"line":66,"column":27}},"loc":{"start":{"line":66,"column":33},"end":{"line":66,"column":49}},"line":66},"6":{"name":"(anonymous_6)","decl":{"start":{"line":79,"column":26},"end":{"line":79,"column":27}},"loc":{"start":{"line":79,"column":33},"end":{"line":79,"column":49}},"line":79},"7":{"name":"(anonymous_7)","decl":{"start":{"line":91,"column":26},"end":{"line":91,"column":27}},"loc":{"start":{"line":91,"column":33},"end":{"line":91,"column":49}},"line":91},"8":{"name":"(anonymous_8)","decl":{"start":{"line":102,"column":26},"end":{"line":102,"column":27}},"loc":{"start":{"line":102,"column":33},"end":{"line":102,"column":49}},"line":102},"9":{"name":"(anonymous_9)","decl":{"start":{"line":105,"column":38},"end":{"line":105,"column":39}},"loc":{"start":{"line":106,"column":18},"end":{"line":108,"column":27}},"line":106}},"branchMap":{"0":{"loc":{"start":{"line":27,"column":4},"end":{"line":30,"column":5}},"type":"if","locations":[{"start":{"line":27,"column":4},"end":{"line":30,"column":5}},{"start":{},"end":{}}],"line":27}},"s":{"0":37,"1":37,"2":37,"3":37,"4":25,"5":37,"6":8,"7":8,"8":8,"9":6,"10":6,"11":2,"12":2,"13":37,"14":8,"15":7,"16":8,"17":7,"18":1,"19":2,"20":185},"f":{"0":37,"1":25,"2":8,"3":8,"4":7,"5":8,"6":7,"7":1,"8":2,"9":185},"b":{"0":[6,2]},"_coverageSchema":"1a1c01bbd47fc00a2c39e90264f33305004495a9","hash":"046114e666b0b23e00566003ac0f0c9d78b0307d"}
,"/home/runner/work/CRUD-Application-Springboot-React/CRUD-Application-Springboot-React/frontend/crudfront/src/product/EditProduct.js": {"path":"/home/runner/work/CRUD-Application-Springboot-React/CRUD-Application-Springboot-React/frontend/crudfront/src/product/EditProduct.js","statementMap":{"0":{"start":{"line":7,"column":17},"end":{"line":7,"column":30}},"1":{"start":{"line":9,"column":17},"end":{"line":9,"column":28}},"2":{"start":{"line":11,"column":32},"end":{"line":17,"column":4}},"3":{"start":{"line":19,"column":59},"end":{"line":19,"column":66}},"4":{"start":{"line":21,"column":24},"end":{"line":23,"column":3}},"5":{"start":{"line":22,"column":4},"end":{"line":22,"column":64}},"6":{"start":{"line":25,"column":2},"end":{"line":27,"column":9}},"7":{"start":{"line":26,"column":4},"end":{"line":26,"column":18}},"8":{"start":{"line":29,"column":19},"end":{"line":40,"column":3}},"9":{"start":{"line":30,"column":4},"end":{"line":30,"column":23}},"10":{"start":{"line":32,"column":19},"end":{"line":32,"column":43}},"11":{"start":{"line":33,"column":4},"end":{"line":36,"column":5}},"12":{"start":{"line":34,"column":6},"end":{"line":34,"column":60}},"13":{"start":{"line":35,"column":6},"end":{"line":35,"column":13}},"14":{"start":{"line":38,"column":4},"end":{"line":38,"column":68}},"15":{"start":{"line":39,"column":4},"end":{"line":39,"column":18}},"16":{"start":{"line":42,"column":22},"end":{"line":45,"column":3}},"17":{"start":{"line":43,"column":19},"end":{"line":43,"column":73}},"18":{"start":{"line":44,"column":4},"end":{"line":44,"column":28}},"19":{"start":{"line":47,"column":2},"end":{"line":133,"column":4}},"20":{"start":{"line":53,"column":33},"end":{"line":53,"column":44}},"21":{"start":{"line":64,"column":33},"end":{"line":64,"column":49}},"22":{"start":{"line":77,"column":33},"end":{"line":77,"column":49}},"23":{"start":{"line":90,"column":33},"end":{"line":90,"column":49}},"24":{"start":{"line":102,"column":33},"end":{"line":102,"column":49}},"25":{"start":{"line":113,"column":33},"end":{"line":113,"column":49}},"26":{"start":{"line":117,"column":18},"end":{"line":119,"column":27}}},"fnMap":{"0":{"name":"EditProduct","decl":{"start":{"line":6,"column":24},"end":{"line":6,"column":35}},"loc":{"start":{"line":6,"column":38},"end":{"line":134,"column":1}},"line":6},"1":{"name":"(anonymous_1)","decl":{"start":{"line":21,"column":24},"end":{"line":21,"column":25}},"loc":{"start":{"line":21,"column":31},"end":{"line":23,"column":3}},"line":21},"2":{"name":"(anonymous_2)","decl":{"start":{"line":25,"column":12},"end":{"line":25,"column":13}},"loc":{"start":{"line":25,"column":18},"end":{"line":27,"column":3}},"line":25},"3":{"name":"(anonymous_3)","decl":{"start":{"line":29,"column":19},"end":{"line":29,"column":20}},"loc":{"start":{"line":29,"column":32},"end":{"line":40,"column":3}},"line":29},"4":{"name":"(anonymous_4)","decl":{"start":{"line":42,"column":22},"end":{"line":42,"column":23}},"loc":{"start":{"line":42,"column":34},"end":{"line":45,"column":3}},"line":42},"5":{"name":"(anonymous_5)","decl":{"start":{"line":53,"column":26},"end":{"line":53,"column":27}},"loc":{"start":{"line":53,"column":33},"end":{"line":53,"column":44}},"line":53},"6":{"name":"(anonymous_6)","decl":{"start":{"line":64,"column":26},"end":{"line":64,"column":27}},"loc":{"start":{"line":64,"column":33},"end":{"line":64,"column":49}},"line":64},"7":{"name":"(anonymous_7)","decl":{"start":{"line":77,"column":26},"end":{"line":77,"column":27}},"loc":{"start":{"line":77,"column":33},"end":{"line":77,"column":49}},"line":77},"8":{"name":"(anonymous_8)","decl":{"start":{"line":90,"column":26},"end":{"line":90,"column":27}},"loc":{"start":{"line":90,"column":33},"end":{"line":90,"column":49}},"line":90},"9":{"name":"(anonymous_9)","decl":{"start":{"line":102,"column":26},"end":{"line":102,"column":27}},"loc":{"start":{"line":102,"column":33},"end":{"line":102,"column":49}},"line":102},"10":{"name":"(anonymous_10)","decl":{"start":{"line":113,"column":26},"end":{"line":113,"column":27}},"loc":{"start":{"line":113,"column":33},"end":{"line":113,"column":49}},"line":113},"11":{"name":"(anonymous_11)","decl":{"start":{"line":116,"column":38},"end":{"line":116,"column":39}},"loc":{"start":{"line":117,"column":18},"end":{"line":119,"column":27}},"line":117}},"branchMap":{"0":{"loc":{"start":{"line":33,"column":4},"end":{"line":36,"column":5}},"type":"if","locations":[{"start":{"line":33,"column":4},"end":{"line":36,"column":5}},{"start":{},"end":{}}],"line":33}},"s":{"0":34,"1":34,"2":34,"3":33,"4":33,"5":7,"6":33,"7":15,"8":33,"9":7,"10":7,"11":7,"12":3,"13":3,"14":4,"15":4,"16":33,"17":15,"18":15,"19":33,"20":7,"21":4,"22":2,"23":1,"24":0,"25":0,"26":165},"f":{"0":34,"1":7,"2":15,"3":7,"4":15,"5":7,"6":4,"7":2,"8":1,"9":0,"10":0,"11":165},"b":{"0":[3,4]},"_coverageSchema":"1a1c01bbd47fc00a2c39e90264f33305004495a9","hash":"db6718a60bd0b4d293f3af2c3f1982400f89c6e0"}
,"/home/runner/work/CRUD-Application-Springboot-React/CRUD-Application-Springboot-React/frontend/crudfront/src/product/ViewProduct.js": {"path":"/home/runner/work/CRUD-Application-Springboot-React/CRUD-Application-Springboot-React/frontend/crudfront/src/product/ViewProduct.js","statementMap":{"0":{"start":{"line":6,"column":32},"end":{"line":12,"column":4}},"1":{"start":{"line":14,"column":17},"end":{"line":14,"column":28}},"2":{"start":{"line":16,"column":2},"end":{"line":18,"column":9}},"3":{"start":{"line":17,"column":4},"end":{"line":17,"column":18}},"4":{"start":{"line":20,"column":22},"end":{"line":23,"column":3}},"5":{"start":{"line":21,"column":19},"end":{"line":21,"column":73}},"6":{"start":{"line":22,"column":4},"end":{"line":22,"column":28}},"7":{"start":{"line":25,"column":2},"end":{"line":59,"column":4}}},"fnMap":{"0":{"name":"ViewProduct","decl":{"start":{"line":5,"column":24},"end":{"line":5,"column":35}},"loc":{"start":{"line":5,"column":38},"end":{"line":60,"column":1}},"line":5},"1":{"name":"(anonymous_1)","decl":{"start":{"line":16,"column":12},"end":{"line":16,"column":13}},"loc":{"start":{"line":16,"column":18},"end":{"line":18,"column":3}},"line":16},"2":{"name":"(anonymous_2)","decl":{"start":{"line":20,"column":22},"end":{"line":20,"column":23}},"loc":{"start":{"line":20,"column":34},"end":{"line":23,"column":3}},"line":20}},"branchMap":{},"s":{"0":20,"1":20,"2":20,"3":10,"4":20,"5":10,"6":10,"7":20},"f":{"0":20,"1":10,"2":10},"b":{},"_coverageSchema":"1a1c01bbd47fc00a2c39e90264f33305004495a9","hash":"da0753cc4507f8532ebbd1416bae19bc0170d094"}
,"/home/runner/work/CRUD-Application-Springboot-React/CRUD-Application-Springboot-React/frontend/crudfront/src/util/axiosConfig.js": {"path":"/home/runner/work/CRUD-Application-Springboot-React/CRUD-Application-Springboot-React/frontend/crudfront/src/util/axiosConfig.js","statementMap":{"0":{"start":{"line":4,"column":22},"end":{"line":6,"column":2}},"1":{"start":{"line":9,"column":0},"end":{"line":20,"column":2}},"2":{"start":{"line":11,"column":22},"end":{"line":11,"column":51}},"3":{"start":{"line":12,"column":8},"end":{"line":14,"column":9}},"4":{"start":{"line":13,"column":12},"end":{"line":13,"column":61}},"5":{"start":{"line":15,"column":8},"end":{"line":15,"column":22}},"6":{"start":{"line":18,"column":8},"end":{"line":18,"column":37}},"7":{"start":{"line":23,"column":0},"end":{"line":37,"column":2}},"8":{"start":{"line":25,"column":8},"end":{"line":25,"column":24}},"9":{"start":{"line":28,"column":8},"end":{"line":34,"column":9}},"10":{"start":{"line":30,"column":12},"end":{"line":30,"column":45}},"11":{"start":{"line":31,"column":12},"end":{"line":31,"column":44}},"12":{"start":{"line":32,"column":12},"end":{"line":32,"column":55}},"13":{"start":{"line":33,"column":12},"end":{"line":33,"column":44}},"14":{"start":{"line":35,"column":8},"end":{"line":35,"column":37}},"15":{"start":{"line":40,"column":30},"end":{"line":46,"column":1}},"16":{"start":{"line":41,"column":27},"end":{"line":41,"column":66}},"17":{"start":{"line":42,"column":4},"end":{"line":44,"column":5}},"18":{"start":{"line":43,"column":8},"end":{"line":43,"column":20}},"19":{"start":{"line":45,"column":4},"end":{"line":45,"column":59}},"20":{"start":{"line":49,"column":22},"end":{"line":55,"column":1}},"21":{"start":{"line":50,"column":4},"end":{"line":50,"column":37}},"22":{"start":{"line":51,"column":4},"end":{"line":51,"column":36}},"23":{"start":{"line":52,"column":4},"end":{"line":52,"column":47}},"24":{"start":{"line":53,"column":4},"end":{"line":53,"column":47}},"25":{"start":{"line":54,"column":4},"end":{"line":54,"column":36}}},"fnMap":{"0":{"name":"(anonymous_0)","decl":{"start":{"line":10,"column":4},"end":{"line":10,"column":5}},"loc":{"start":{"line":10,"column":16},"end":{"line":16,"column":5}},"line":10},"1":{"name":"(anonymous_1)","decl":{"start":{"line":17,"column":4},"end":{"line":17,"column":5}},"loc":{"start":{"line":17,"column":15},"end":{"line":19,"column":5}},"line":17},"2":{"name":"(anonymous_2)","decl":{"start":{"line":24,"column":4},"end":{"line":24,"column":5}},"loc":{"start":{"line":24,"column":18},"end":{"line":26,"column":5}},"line":24},"3":{"name":"(anonymous_3)","decl":{"start":{"line":27,"column":4},"end":{"line":27,"column":5}},"loc":{"start":{"line":27,"column":15},"end":{"line":36,"column":5}},"line":27},"4":{"name":"(anonymous_4)","decl":{"start":{"line":40,"column":30},"end":{"line":40,"column":31}},"loc":{"start":{"line":40,"column":36},"end":{"line":46,"column":1}},"line":40},"5":{"name":"(anonymous_5)","decl":{"start":{"line":49,"column":22},"end":{"line":49,"column":23}},"loc":{"start":{"line":49,"column":28},"end":{"line":55,"column":1}},"line":49}},"branchMap":{"0":{"loc":{"start":{"line":12,"column":8},"end":{"line":14,"column":9}},"type":"if","locations":[{"start":{"line":12,"column":8},"end":{"line":14,"column":9}},{"start":{},"end":{}}],"line":12},"1":{"loc":{"start":{"line":28,"column":8},"end":{"line":34,"column":9}},"type":"if","locations":[{"start":{"line":28,"column":8},"end":{"line":34,"column":9}},{"start":{},"end":{}}],"line":28},"2":{"loc":{"start":{"line":28,"column":12},"end":{"line":28,"column":59}},"type":"binary-expr","locations":[{"start":{"line":28,"column":12},"end":{"line":28,"column":26}},{"start":{"line":28,"column":30},"end":{"line":28,"column":59}}],"line":28},"3":{"loc":{"start":{"line":42,"column":4},"end":{"line":44,"column":5}},"type":"if","locations":[{"start":{"line":42,"column":4},"end":{"line":44,"column":5}},{"start":{},"end":{}}],"line":42}},"s":{"0":3,"1":3,"2":4,"3":4,"4":2,"5":4,"6":1,"7":3,"8":1,"9":3,"10":1,"11":1,"12":1,"13":1,"14":3,"15":3,"16":4,"17":4,"18":1,"19":3,"20":3,"21":5,"22":5,"23":5,"24":5,"25":5},"f":{"0":4,"1":1,"2":1,"3":3,"4":4,"5":5},"b":{"0":[2,2],"1":[1,2],"2":[3,2],"3":[1,3]},"_coverageSchema":"1a1c01bbd47fc00a2c39e90264f33305004495a9","hash":"b22030e06d3642a43427d5418806d26eabf68a0a"}
,"/home/runner/work/CRUD-Application-Springboot-React/CRUD-Application-Springboot-React/frontend/crudfront/src/util/productValidation.js": {"path":"/home/runner/work/CRUD-Application-Springboot-React/CRUD-Application-Springboot-React/frontend/crudfront/src/util/productValidation.js","statementMap":{"0":{"start":{"line":3,"column":32},"end":{"line":3,"column":84}},"1":{"start":{"line":6,"column":17},"end":{"line":6,"column":19}},"2":{"start":{"line":9,"column":2},"end":{"line":15,"column":3}},"3":{"start":{"line":10,"column":4},"end":{"line":10,"column":45}},"4":{"start":{"line":11,"column":9},"end":{"line":15,"column":3}},"5":{"start":{"line":12,"column":4},"end":{"line":12,"column":43}},"6":{"start":{"line":13,"column":9},"end":{"line":15,"column":3}},"7":{"start":{"line":14,"column":4},"end":{"line":14,"column":42}},"8":{"start":{"line":18,"column":2},"end":{"line":22,"column":3}},"9":{"start":{"line":19,"column":4},"end":{"line":19,"column":50}},"10":{"start":{"line":20,"column":9},"end":{"line":22,"column":3}},"11":{"start":{"line":21,"column":4},"end":{"line":21,"column":36}},"12":{"start":{"line":25,"column":2},"end":{"line":29,"column":3}},"13":{"start":{"line":26,"column":4},"end":{"line":26,"column":52}},"14":{"start":{"line":27,"column":9},"end":{"line":29,"column":3}},"15":{"start":{"line":28,"column":4},"end":{"line":28,"column":42}},"16":{"start":{"line":32,"column":2},"end":{"line":34,"column":3}},"17":{"start":{"line":33,"column":4},"end":{"line":33,"column":48}},"18":{"start":{"line":37,"column":2},"end":{"line":39,"column":3}},"19":{"start":{"line":38,"column":4},"end":{"line":38,"column":41}},"20":{"start":{"line":41,"column":2},"end":{"line":41,"column":16}}},"fnMap":{"0":{"name":"validateProduct","decl":{"start":{"line":5,"column":16},"end":{"line":5,"column":31}},"loc":{"start":{"line":5,"column":41},"end":{"line":42,"column":1}},"line":5}},"branchMap":{"0":{"loc":{"start":{"line":9,"column":2},"end":{"line":15,"column":3}},"type":"if","locations":[{"start":{"line":9,"column":2},"end":{"line":15,"column":3}},{"start":{"line":11,"column":9},"end":{"line":15,"column":3}}],"line":9},"1":{"loc":{"start":{"line":9,"column":6},"end":{"line":9,"column":49}},"type":"binary-expr","locations":[{"start":{"line":9,"column":6},"end":{"line":9,"column":19}},{"start":{"line":9,"column":23},"end":{"line":9,"column":49}}],"line":9},"2":{"loc":{"start":{"line":11,"column":9},"end":{"line":15,"column":3}},"type":"if","locations":[{"start":{"line":11,"column":9},"end":{"line":15,"column":3}},{"start":{"line":13,"column":9},"end":{"line":15,"column":3}}],"line":11},"3":{"loc":{"start":{"line":13,"column":9},"end":{"line":15,"column":3}},"type":"if","locations":[{"start":{"line":13,"column":9},"end":{"line":15,"column":3}},{"start":{},"end":{}}],"line":13},"4":{"loc":{"start":{"line":18,"column":2},"end":{"line":22,"column":3}},"type":"if","locations":[{"start":{"line":18,"column":2},"end":{"line":22,"column":3}},{"start":{"line":20,"column":9},"end":{"line":22,"column":3}}],"line":18},"5":{"loc":{"start":{"line":20,"column":9},"end":{"line":22,"column":3}},"type":"if","locations":[{"start":{"line":20,"column":9},"end":{"line":22,"column":3}},{"start":{},"end":{}}],"line":20},"6":{"loc":{"start":{"line":25,"column":2},"end":{"line":29,"column":3}},"type":"if","locations":[{"start":{"line":25,"column":2},"end":{"line":29,"column":3}},{"start":{"line":27,"column":9},"end":{"line":29,"column":3}}],"line":25},"7":{"loc":{"start":{"line":27,"column":9},"end":{"line":29,"column":3}},"type":"if","locations":[{"start":{"line":27,"column":9},"end":{"line":29,"column":3}},{"start":{},"end":{}}],"line":27},"8":{"loc":{"start":{"line":32,"column":2},"end":{"line":34,"column":3}},"type":"if","locations":[{"start":{"line":32,"column":2},"end":{"line":34,"column":3}},{"start":{},"end":{}}],"line":32},"9":{"loc":{"start":{"line":32,"column":6},"end":{"line":32,"column":61}},"type":"binary-expr","locations":[{"start":{"line":32,"column":6},"end":{"line":32,"column":25}},{"start":{"line":32,"column":29},"end":{"line":32,"column":61}}],"line":32},"10":{"loc":{"start":{"line":37,"column":2},"end":{"line":39,"column":3}},"type":"if","locations":[{"start":{"line":37,"column":2},"end":{"line":39,"column":3}},{"start":{},"end":{}}],"line":37},"11":{"loc":{"start":{"line":37,"column":6},"end":{"line":37,"column":70}},"type":"binary-expr","locations":[{"start":{"line":37,"column":6},"end":{"line":37,"column":22}},{"start":{"line":37,"column":26},"end":{"line":37,"column":70}}],"line":37}},"s":{"0":5,"1":41,"2":41,"3":4,"4":37,"5":2,"6":35,"7":1,"8":41,"9":5,"10":36,"11":1,"12":41,"13":3,"14":38,"15":1,"16":41,"17":2,"18":41,"19":1,"20":41},"f":{"0":41},"b":{"0":[4,37],"1":[41,37],"2":[2,35],"3":[1,34],"4":[5,36],"5":[1,35],"6":[3,38],"7":[1,37],"8":[2,39],"9":[41,12],"10":[1,40],"11":[41,16]},"_coverageSchema":"1a1c01bbd47fc00a2c39e90264f33305004495a9","hash":"65291c89afee5ab16affa30d5784c1a805c1c093"}
,"/home/runner/work/CRUD-Application-Springboot-React/CRUD-Application-Springboot-React/frontend/crudfront/src/util/validation.js": {"path":"/home/runner/work/CRUD-Application-Springboot-React/CRUD-Application-Springboot-React/frontend/crudfront/src/util/validation.js","statementMap":{"0":{"start":{"line":5,"column":2},"end":{"line":7,"column":3}},"1":{"start":{"line":6,"column":4},"end":{"line":6,"column":35}},"2":{"start":{"line":10,"column":2},"end":{"line":12,"column":3}},"3":{"start":{"line":11,"column":4},"end":{"line":11,"column":58}},"4":{"start":{"line":15,"column":2},"end":{"line":17,"column":3}},"5":{"start":{"line":16,"column":4},"end":{"line":16,"column":32}},"6":{"start":{"line":20,"column":2},"end":{"line":22,"column":3}},"7":{"start":{"line":21,"column":4},"end":{"line":21,"column":31}},"8":{"start":{"line":25,"column":23},"end":{"line":25,"column":43}},"9":{"start":{"line":26,"column":2},"end":{"line":28,"column":3}},"10":{"start":{"line":27,"column":4},"end":{"line":27,"column":50}},"11":{"start":{"line":30,"column":2},"end":{"line":30,"column":14}},"12":{"start":{"line":35,"column":2},"end":{"line":37,"column":3}},"13":{"start":{"line":36,"column":4},"end":{"line":36,"column":35}},"14":{"start":{"line":40,"column":2},"end":{"line":42,"column":3}},"15":{"start":{"line":41,"column":4},"end":{"line":41,"column":44}},"16":{"start":{"line":45,"column":2},"end":{"line":47,"column":3}},"17":{"start":{"line":46,"column":4},"end":{"line":46,"column":32}},"18":{"start":{"line":50,"column":2},"end":{"line":52,"column":3}},"19":{"start":{"line":51,"column":4},"end":{"line":51,"column":31}},"20":{"start":{"line":55,"column":20},"end":{"line":55,"column":45}},"21":{"start":{"line":56,"column":20},"end":{"line":56,"column":42}},"22":{"start":{"line":58,"column":2},"end":{"line":60,"column":3}},"23":{"start":{"line":59,"column":4},"end":{"line":59,"column":60}},"24":{"start":{"line":62,"column":2},"end":{"line":62,"column":14}}},"fnMap":{"0":{"name":"validateUsername","decl":{"start":{"line":3,"column":16},"end":{"line":3,"column":32}},"loc":{"start":{"line":3,"column":43},"end":{"line":31,"column":1}},"line":3},"1":{"name":"validatePassword","decl":{"start":{"line":33,"column":16},"end":{"line":33,"column":32}},"loc":{"start":{"line":33,"column":43},"end":{"line":63,"column":1}},"line":33}},"branchMap":{"0":{"loc":{"start":{"line":5,"column":2},"end":{"line":7,"column":3}},"type":"if","locations":[{"start":{"line":5,"column":2},"end":{"line":7,"column":3}},{"start":{},"end":{}}],"line":5},"1":{"loc":{"start":{"line":5,"column":6},"end":{"line":5,"column":41}},"type":"binary-expr","locations":[{"start":{"line":5,"column":6},"end":{"line":5,"column":15}},{"start":{"line":5,"column":19},"end":{"line":5,"column":41}}],"line":5},"2":{"loc":{"start":{"line":10,"column":2},"end":{"line":12,"column":3}},"type":"if","locations":[{"start":{"line":10,"column":2},"end":{"line":12,"column":3}},{"start":{},"end":{}}],"line":10},"3":{"loc":{"start":{"line":15,"column":2},"end":{"line":17,"column":3}},"type":"if","locations":[{"start":{"line":15,"column":2},"end":{"line":17,"column":3}},{"start":{},"end":{}}],"line":15},"4":{"loc":{"start":{"line":20,"column":2},"end":{"line":22,"column":3}},"type":"if","locations":[{"start":{"line":20,"column":2},"end":{"line":22,"column":3}},{"start":{},"end":{}}],"line":20},"5":{"loc":{"start":{"line":26,"column":2},"end":{"line":28,"column":3}},"type":"if","locations":[{"start":{"line":26,"column":2},"end":{"line":28,"column":3}},{"start":{},"end":{}}],"line":26},"6":{"loc":{"start":{"line":35,"column":2},"end":{"line":37,"column":3}},"type":"if","locations":[{"start":{"line":35,"column":2},"end":{"line":37,"column":3}},{"start":{},"end":{}}],"line":35},"7":{"loc":{"start":{"line":35,"column":6},"end":{"line":35,"column":41}},"type":"binary-expr","locations":[{"start":{"line":35,"column":6},"end":{"line":35,"column":15}},{"start":{"line":35,"column":19},"end":{"line":35,"column":41}}],"line":35},"8":{"loc":{"start":{"line":40,"column":2},"end":{"line":42,"column":3}},"type":"if","locations":[{"start":{"line":40,"column":2},"end":{"line":42,"column":3}},{"start":{},"end":{}}],"line":40},"9":{"loc":{"start":{"line":45,"column":2},"end":{"line":47,"column":3}},"type":"if","locations":[{"start":{"line":45,"column":2},"end":{"line":47,"column":3}},{"start":{},"end":{}}],"line":45},"10":{"loc":{"start":{"line":50,"column":2},"end":{"line":52,"column":3}},"type":"if","locations":[{"start":{"line":50,"column":2},"end":{"line":52,"column":3}},{"start":{},"end":{}}],"line":50},"11":{"loc":{"start":{"line":58,"column":2},"end":{"line":60,"column":3}},"type":"if","locations":[{"start":{"line":58,"column":2},"end":{"line":60,"column":3}},{"start":{},"end":{}}],"line":58},"12":{"loc":{"start":{"line":58,"column":6},"end":{"line":58,"column":30}},"type":"binary-expr","locations":[{"start":{"line":58,"column":6},"end":{"line":58,"column":16}},{"start":{"line":58,"column":20},"end":{"line":58,"column":30}}],"line":58}},"s":{"0":38,"1":5,"2":33,"3":2,"4":31,"5":4,"6":27,"7":1,"8":26,"9":26,"10":3,"11":23,"12":32,"13":3,"14":29,"15":1,"16":28,"17":2,"18":26,"19":1,"20":25,"21":25,"22":25,"23":3,"24":22},"f":{"0":38,"1":32},"b":{"0":[5,33],"1":[38,34],"2":[2,31],"3":[4,27],"4":[1,26],"5":[3,23],"6":[3,29],"7":[32,30],"8":[1,28],"9":[2,26],"10":[1,25],"11":[3,22],"12":[25,24]},"_coverageSchema":"1a1c01bbd47fc00a2c39e90264f33305004495a9","hash":"0d94b9f6376f30c087ee7dd895bcf27ae22964a3"}
}
