TN:
SF:src/pages/Home.js
FN:6,Home
FN:16,(anonymous_1)
FN:20,(anonymous_2)
FN:26,(anonymous_3)
FN:49,(anonymous_4)
FN:54,(anonymous_5)
FN:73,(anonymous_6)
FN:88,(anonymous_7)
FN:122,(anonymous_8)
FN:145,(anonymous_9)
FNF:10
FNH:10
FNDA:45,Home
FNDA:19,(anonymous_1)
FNDA:23,(anonymous_2)
FNDA:3,(anonymous_3)
FNDA:1,(anonymous_4)
FNDA:4,(anonymous_5)
FNDA:2,(anonymous_6)
FNDA:4,(anonymous_7)
FNDA:55,(anonymous_8)
FNDA:4,(anonymous_9)
DA:7,45
DA:9,45
DA:10,44
DA:11,44
DA:12,44
DA:14,44
DA:16,44
DA:17,19
DA:20,44
DA:21,23
DA:22,23
DA:23,23
DA:26,44
DA:27,3
DA:29,3
DA:30,1
DA:31,1
DA:34,2
DA:35,2
DA:36,2
DA:38,2
DA:42,1
DA:44,1
DA:45,1
DA:49,44
DA:50,1
DA:51,1
DA:54,44
DA:55,4
DA:56,4
DA:59,44
DA:73,2
DA:88,4
DA:123,55
DA:145,4
LF:35
LH:35
BRDA:29,0,0,1
BRDA:29,0,1,2
BRF:2
BRH:2
end_of_record
TN:
SF:src/pages/Login.js
FN:6,Login
FN:19,(anonymous_1)
FN:24,(anonymous_2)
FN:87,(anonymous_3)
FN:98,(anonymous_4)
FN:112,(anonymous_5)
FNF:6
FNH:6
FNDA:59,Login
FNDA:23,(anonymous_1)
FNDA:12,(anonymous_2)
FNDA:12,(anonymous_3)
FNDA:12,(anonymous_4)
FNDA:11,(anonymous_5)
DA:7,59
DA:9,59
DA:14,58
DA:15,58
DA:17,58
DA:19,58
DA:20,23
DA:21,23
DA:24,58
DA:25,12
DA:26,12
DA:29,12
DA:30,12
DA:31,2
DA:32,2
DA:35,10
DA:36,10
DA:37,1
DA:38,1
DA:41,9
DA:43,9
DA:44,9
DA:46,3
DA:48,3
DA:49,3
DA:52,3
DA:53,3
DA:56,3
DA:59,3
DA:62,3
DA:65,5
DA:66,3
DA:68,2
DA:71,8
DA:75,58
DA:87,12
DA:98,12
DA:112,11
LF:38
LH:38
BRDA:30,0,0,2
BRDA:30,0,1,10
BRDA:36,1,0,1
BRDA:36,1,1,9
BRDA:46,2,0,3
BRDA:46,2,1,0
BRDA:65,3,0,3
BRDA:65,3,1,2
BRDA:66,4,0,3
BRDA:66,4,1,0
BRDA:81,5,0,58
BRDA:81,5,1,8
BRDA:121,6,0,9
BRDA:121,6,1,49
BRF:14
BRH:12
end_of_record
TN:
SF:src/pages/Register.js
FN:6,Register
FN:20,(anonymous_1)
FN:28,(anonymous_2)
FN:53,(anonymous_3)
FN:103,(anonymous_4)
FN:114,(anonymous_5)
FN:135,(anonymous_6)
FN:156,(anonymous_7)
FNF:8
FNH:8
FNDA:45,Register
FNDA:24,(anonymous_1)
FNDA:8,(anonymous_2)
FNDA:8,(anonymous_3)
FNDA:8,(anonymous_4)
FNDA:8,(anonymous_5)
FNDA:8,(anonymous_6)
FNDA:8,(anonymous_7)
DA:7,45
DA:9,45
DA:15,45
DA:16,45
DA:18,45
DA:20,45
DA:21,24
DA:23,24
DA:24,1
DA:28,45
DA:29,8
DA:32,8
DA:33,8
DA:34,2
DA:38,8
DA:39,8
DA:40,0
DA:41,8
DA:42,1
DA:46,8
DA:47,1
DA:50,8
DA:53,45
DA:54,8
DA:55,8
DA:58,8
DA:59,8
DA:60,4
DA:61,4
DA:64,4
DA:66,4
DA:67,4
DA:72,1
DA:73,1
DA:74,1
DA:77,2
DA:78,1
DA:79,0
DA:81,1
DA:84,1
DA:87,3
DA:91,45
DA:103,8
DA:114,8
DA:135,8
DA:156,8
LF:46
LH:44
BRDA:23,0,0,1
BRDA:23,0,1,23
BRDA:33,1,0,2
BRDA:33,1,1,6
BRDA:39,2,0,0
BRDA:39,2,1,8
BRDA:41,3,0,1
BRDA:41,3,1,7
BRDA:41,4,0,8
BRDA:41,4,1,7
BRDA:46,5,0,1
BRDA:46,5,1,7
BRDA:59,6,0,4
BRDA:59,6,1,4
BRDA:72,7,0,1
BRDA:72,7,1,0
BRDA:77,8,0,1
BRDA:77,8,1,1
BRDA:77,9,0,2
BRDA:77,9,1,1
BRDA:78,10,0,0
BRDA:78,10,1,1
BRDA:81,11,0,1
BRDA:81,11,1,0
BRDA:97,12,0,45
BRDA:97,12,1,2
BRDA:110,13,0,2
BRDA:110,13,1,43
BRDA:117,14,0,45
BRDA:117,14,1,2
BRDA:131,15,0,1
BRDA:131,15,1,44
BRDA:138,16,0,45
BRDA:138,16,1,1
BRDA:152,17,0,1
BRDA:152,17,1,44
BRDA:159,18,0,45
BRDA:159,18,1,1
BRDA:169,19,0,4
BRDA:169,19,1,41
BRF:40
BRH:36
end_of_record
TN:
SF:src/product/AddProduct.js
FN:6,AddProduct
FN:19,(anonymous_1)
FN:23,(anonymous_2)
FN:42,(anonymous_3)
FN:53,(anonymous_4)
FN:66,(anonymous_5)
FN:79,(anonymous_6)
FN:91,(anonymous_7)
FN:102,(anonymous_8)
FN:105,(anonymous_9)
FNF:10
FNH:10
FNDA:37,AddProduct
FNDA:25,(anonymous_1)
FNDA:8,(anonymous_2)
FNDA:8,(anonymous_3)
FNDA:7,(anonymous_4)
FNDA:8,(anonymous_5)
FNDA:7,(anonymous_6)
FNDA:1,(anonymous_7)
FNDA:2,(anonymous_8)
FNDA:185,(anonymous_9)
DA:7,37
DA:9,37
DA:17,37
DA:19,37
DA:20,25
DA:23,37
DA:24,8
DA:26,8
DA:27,8
DA:28,6
DA:29,6
DA:32,2
DA:33,2
DA:36,37
DA:42,8
DA:53,7
DA:66,8
DA:79,7
DA:91,1
DA:102,2
DA:106,185
LF:21
LH:21
BRDA:27,0,0,6
BRDA:27,0,1,2
BRF:2
BRH:2
end_of_record
TN:
SF:src/product/EditProduct.js
FN:6,EditProduct
FN:21,(anonymous_1)
FN:25,(anonymous_2)
FN:29,(anonymous_3)
FN:42,(anonymous_4)
FN:53,(anonymous_5)
FN:64,(anonymous_6)
FN:77,(anonymous_7)
FN:90,(anonymous_8)
FN:102,(anonymous_9)
FN:113,(anonymous_10)
FN:116,(anonymous_11)
FNF:12
FNH:10
FNDA:34,EditProduct
FNDA:7,(anonymous_1)
FNDA:15,(anonymous_2)
FNDA:7,(anonymous_3)
FNDA:15,(anonymous_4)
FNDA:7,(anonymous_5)
FNDA:4,(anonymous_6)
FNDA:2,(anonymous_7)
FNDA:1,(anonymous_8)
FNDA:0,(anonymous_9)
FNDA:0,(anonymous_10)
FNDA:165,(anonymous_11)
DA:7,34
DA:9,34
DA:11,34
DA:19,33
DA:21,33
DA:22,7
DA:25,33
DA:26,15
DA:29,33
DA:30,7
DA:32,7
DA:33,7
DA:34,3
DA:35,3
DA:38,4
DA:39,4
DA:42,33
DA:43,15
DA:44,15
DA:47,33
DA:53,7
DA:64,4
DA:77,2
DA:90,1
DA:102,0
DA:113,0
DA:117,165
LF:27
LH:25
BRDA:33,0,0,3
BRDA:33,0,1,4
BRF:2
BRH:2
end_of_record
TN:
SF:src/product/ViewProduct.js
FN:5,ViewProduct
FN:16,(anonymous_1)
FN:20,(anonymous_2)
FNF:3
FNH:3
FNDA:20,ViewProduct
FNDA:10,(anonymous_1)
FNDA:10,(anonymous_2)
DA:6,20
DA:14,20
DA:16,20
DA:17,10
DA:20,20
DA:21,10
DA:22,10
DA:25,20
LF:8
LH:8
BRF:0
BRH:0
end_of_record
TN:
SF:src/util/axiosConfig.js
FN:10,(anonymous_0)
FN:17,(anonymous_1)
FN:24,(anonymous_2)
FN:27,(anonymous_3)
FN:40,(anonymous_4)
FN:49,(anonymous_5)
FNF:6
FNH:6
FNDA:4,(anonymous_0)
FNDA:1,(anonymous_1)
FNDA:1,(anonymous_2)
FNDA:3,(anonymous_3)
FNDA:4,(anonymous_4)
FNDA:5,(anonymous_5)
DA:4,3
DA:9,3
DA:11,4
DA:12,4
DA:13,2
DA:15,4
DA:18,1
DA:23,3
DA:25,1
DA:28,3
DA:30,1
DA:31,1
DA:32,1
DA:33,1
DA:35,3
DA:40,3
DA:41,4
DA:42,4
DA:43,1
DA:45,3
DA:49,3
DA:50,5
DA:51,5
DA:52,5
DA:53,5
DA:54,5
LF:26
LH:26
BRDA:12,0,0,2
BRDA:12,0,1,2
BRDA:28,1,0,1
BRDA:28,1,1,2
BRDA:28,2,0,3
BRDA:28,2,1,2
BRDA:42,3,0,1
BRDA:42,3,1,3
BRF:8
BRH:8
end_of_record
TN:
SF:src/util/productValidation.js
FN:5,validateProduct
FNF:1
FNH:1
FNDA:41,validateProduct
DA:3,5
DA:6,41
DA:9,41
DA:10,4
DA:11,37
DA:12,2
DA:13,35
DA:14,1
DA:18,41
DA:19,5
DA:20,36
DA:21,1
DA:25,41
DA:26,3
DA:27,38
DA:28,1
DA:32,41
DA:33,2
DA:37,41
DA:38,1
DA:41,41
LF:21
LH:21
BRDA:9,0,0,4
BRDA:9,0,1,37
BRDA:9,1,0,41
BRDA:9,1,1,37
BRDA:11,2,0,2
BRDA:11,2,1,35
BRDA:13,3,0,1
BRDA:13,3,1,34
BRDA:18,4,0,5
BRDA:18,4,1,36
BRDA:20,5,0,1
BRDA:20,5,1,35
BRDA:25,6,0,3
BRDA:25,6,1,38
BRDA:27,7,0,1
BRDA:27,7,1,37
BRDA:32,8,0,2
BRDA:32,8,1,39
BRDA:32,9,0,41
BRDA:32,9,1,12
BRDA:37,10,0,1
BRDA:37,10,1,40
BRDA:37,11,0,41
BRDA:37,11,1,16
BRF:24
BRH:24
end_of_record
TN:
SF:src/util/validation.js
FN:3,validateUsername
FN:33,validatePassword
FNF:2
FNH:2
FNDA:38,validateUsername
FNDA:32,validatePassword
DA:5,38
DA:6,5
DA:10,33
DA:11,2
DA:15,31
DA:16,4
DA:20,27
DA:21,1
DA:25,26
DA:26,26
DA:27,3
DA:30,23
DA:35,32
DA:36,3
DA:40,29
DA:41,1
DA:45,28
DA:46,2
DA:50,26
DA:51,1
DA:55,25
DA:56,25
DA:58,25
DA:59,3
DA:62,22
LF:25
LH:25
BRDA:5,0,0,5
BRDA:5,0,1,33
BRDA:5,1,0,38
BRDA:5,1,1,34
BRDA:10,2,0,2
BRDA:10,2,1,31
BRDA:15,3,0,4
BRDA:15,3,1,27
BRDA:20,4,0,1
BRDA:20,4,1,26
BRDA:26,5,0,3
BRDA:26,5,1,23
BRDA:35,6,0,3
BRDA:35,6,1,29
BRDA:35,7,0,32
BRDA:35,7,1,30
BRDA:40,8,0,1
BRDA:40,8,1,28
BRDA:45,9,0,2
BRDA:45,9,1,26
BRDA:50,10,0,1
BRDA:50,10,1,25
BRDA:58,11,0,3
BRDA:58,11,1,22
BRDA:58,12,0,25
BRDA:58,12,1,24
BRF:26
BRH:26
end_of_record
